<?xml version="1.0" encoding="UTF-8"?>
<!-- Generated by org.testng.reporters.JUnitReportReporter -->
<testsuite skipped="0" hostname="DATTAAVI1" name="HeadLessBrowserTesting.TestHTMLUnit" tests="1" failures="0" timestamp="11 Jul 2017 10:25:54 GMT" time="191.386" errors="1">
  <testcase name="verifyTitle2" time="191.386" classname="HeadLessBrowserTesting.TestHTMLUnit">
    <error type="java.lang.RuntimeException" message="org.apache.http.conn.HttpHostConnectException: Connect to bitbucket.org:443 [bitbucket.org/104.192.143.1, bitbucket.org/104.192.143.2, bitbucket.org/104.192.143.3] failed: Connection timed out: connect">
      <![CDATA[java.lang.RuntimeException: org.apache.http.conn.HttpHostConnectException: Connect to bitbucket.org:443 [bitbucket.org/104.192.143.1, bitbucket.org/104.192.143.2, bitbucket.org/104.192.143.3] failed: Connection timed out: connect
	at io.github.bonigarcia.wdm.BrowserManager.manage(BrowserManager.java:279)
	at io.github.bonigarcia.wdm.BrowserManager.manage(BrowserManager.java:277)
	at io.github.bonigarcia.wdm.BrowserManager.setup(BrowserManager.java:817)
	at io.github.bonigarcia.wdm.BrowserManager.setup(BrowserManager.java:776)
	at HeadLessBrowserTesting.TestHTMLUnit.verifyTitle2(TestHTMLUnit.java:17)
	at sun.reflect.NativeMethodAccessorImpl.invoke0(Native Method)
	at sun.reflect.NativeMethodAccessorImpl.invoke(NativeMethodAccessorImpl.java:62)
	at sun.reflect.DelegatingMethodAccessorImpl.invoke(DelegatingMethodAccessorImpl.java:43)
	at java.lang.reflect.Method.invoke(Method.java:498)
	at org.testng.internal.MethodInvocationHelper.invokeMethod(MethodInvocationHelper.java:108)
	at org.testng.internal.Invoker.invokeMethod(Invoker.java:661)
	at org.testng.internal.Invoker.invokeTestMethod(Invoker.java:869)
	at org.testng.internal.Invoker.invokeTestMethods(Invoker.java:1193)
	at org.testng.internal.TestMethodWorker.invokeTestMethods(TestMethodWorker.java:126)
	at org.testng.internal.TestMethodWorker.run(TestMethodWorker.java:109)
	at org.testng.TestRunner.privateRun(TestRunner.java:744)
	at org.testng.TestRunner.run(TestRunner.java:602)
	at org.testng.SuiteRunner.runTest(SuiteRunner.java:380)
	at org.testng.SuiteRunner.runSequentially(SuiteRunner.java:375)
	at org.testng.SuiteRunner.privateRun(SuiteRunner.java:340)
	at org.testng.SuiteRunner.run(SuiteRunner.java:289)
	at org.testng.SuiteRunnerWorker.runSuite(SuiteRunnerWorker.java:52)
	at org.testng.SuiteRunnerWorker.run(SuiteRunnerWorker.java:86)
	at org.testng.TestNG.runSuitesSequentially(TestNG.java:1301)
	at org.testng.TestNG.runSuitesLocally(TestNG.java:1226)
	at org.testng.TestNG.runSuites(TestNG.java:1144)
	at org.testng.TestNG.run(TestNG.java:1115)
	at org.testng.remote.AbstractRemoteTestNG.run(AbstractRemoteTestNG.java:132)
	at org.testng.remote.RemoteTestNG.initAndRun(RemoteTestNG.java:230)
	at org.testng.remote.RemoteTestNG.main(RemoteTestNG.java:76)
Caused by: org.apache.http.conn.HttpHostConnectException: Connect to bitbucket.org:443 [bitbucket.org/104.192.143.1, bitbucket.org/104.192.143.2, bitbucket.org/104.192.143.3] failed: Connection timed out: connect
	at org.apache.http.impl.conn.DefaultHttpClientConnectionOperator.connect(DefaultHttpClientConnectionOperator.java:158)
	at org.apache.http.impl.conn.PoolingHttpClientConnectionManager.connect(PoolingHttpClientConnectionManager.java:353)
	at org.apache.http.impl.execchain.MainClientExec.establishRoute(MainClientExec.java:380)
	at org.apache.http.impl.execchain.MainClientExec.execute(MainClientExec.java:236)
	at org.apache.http.impl.execchain.ProtocolExec.execute(ProtocolExec.java:184)
	at org.apache.http.impl.execchain.RetryExec.execute(RetryExec.java:88)
	at org.apache.http.impl.execchain.RedirectExec.execute(RedirectExec.java:110)
	at org.apache.http.impl.client.InternalHttpClient.doExecute(InternalHttpClient.java:184)
	at org.apache.http.impl.client.CloseableHttpClient.execute(CloseableHttpClient.java:82)
	at org.apache.http.impl.client.CloseableHttpClient.execute(CloseableHttpClient.java:107)
	at io.github.bonigarcia.wdm.WdmHttpClient.execute(WdmHttpClient.java:90)
	at io.github.bonigarcia.wdm.BrowserManager.getDriversFromMirror(BrowserManager.java:641)
	at io.github.bonigarcia.wdm.PhantomJsDriverManager.getDrivers(PhantomJsDriverManager.java:44)
	at io.github.bonigarcia.wdm.BrowserManager.manage(BrowserManager.java:202)
	... 29 more
Caused by: java.net.ConnectException: Connection timed out: connect
	at java.net.DualStackPlainSocketImpl.connect0(Native Method)
	at java.net.DualStackPlainSocketImpl.socketConnect(DualStackPlainSocketImpl.java:79)
	at java.net.AbstractPlainSocketImpl.doConnect(AbstractPlainSocketImpl.java:350)
	at java.net.AbstractPlainSocketImpl.connectToAddress(AbstractPlainSocketImpl.java:206)
	at java.net.AbstractPlainSocketImpl.connect(AbstractPlainSocketImpl.java:188)
	at java.net.PlainSocketImpl.connect(PlainSocketImpl.java:172)
	at java.net.SocksSocketImpl.connect(SocksSocketImpl.java:392)
	at java.net.Socket.connect(Socket.java:589)
	at org.apache.http.conn.ssl.SSLConnectionSocketFactory.connectSocket(SSLConnectionSocketFactory.java:337)
	at org.apache.http.impl.conn.DefaultHttpClientConnectionOperator.connect(DefaultHttpClientConnectionOperator.java:141)
	... 42 more
]]>
    </error>
  </testcase> <!-- verifyTitle2 -->
</testsuite> <!-- HeadLessBrowserTesting.TestHTMLUnit -->
