<?xml version="1.0" encoding="UTF-8"?>
<!-- Generated by org.testng.reporters.JUnitReportReporter -->
<testsuite skipped="0" hostname="DATTAAVI1" name="APITesting.com.test.api.WeatherGetRequest" tests="2" failures="0" timestamp="04 Jul 2017 02:31:31 GMT" time="5.001" errors="0">
  <testcase name="test_09" time="0.905" classname="APITesting.com.test.api.WeatherGetRequest"/>
  <testcase name="test_08" time="4.096" classname="APITesting.com.test.api.WeatherGetRequest"/>
</testsuite> <!-- APITesting.com.test.api.WeatherGetRequest -->
