<?xml version="1.0" encoding="UTF-8"?>
<!-- Generated by org.testng.reporters.JUnitReportReporter -->
<testsuite skipped="0" hostname="DATTAAVI1" name="APITesting.com.test.api.JsonServerRequests" tests="1" failures="0" timestamp="04 Jul 2017 08:54:25 GMT" time="2.001" errors="0">
  <testcase name="test_08" time="2.001" classname="APITesting.com.test.api.JsonServerRequests"/>
</testsuite> <!-- APITesting.com.test.api.JsonServerRequests -->
